<?xml version="1.0" encoding="UTF-8"?>
<testng-results skipped="0" failed="0" total="1" passed="1">
  <reporter-output>
  </reporter-output>
  <suite name="Command line suite" duration-ms="12" started-at="2017-01-20T00:10:10Z" finished-at="2017-01-20T00:10:10Z">
    <groups>
    </groups>
    <test name="Command line test" duration-ms="12" started-at="2017-01-20T00:10:10Z" finished-at="2017-01-20T00:10:10Z">
      <class name="def.JDBCProject.AppTest">
        <test-method status="PASS" signature="testApp()[pri:0, instance:testApp(def.JDBCProject.AppTest)]" name="testApp" duration-ms="1" started-at="2017-01-20T01:10:10Z" finished-at="2017-01-20T01:10:10Z">
          <reporter-output>
          </reporter-output>
        </test-method> <!-- testApp -->
      </class> <!-- def.JDBCProject.AppTest -->
    </test> <!-- Command line test -->
  </suite> <!-- Command line suite -->
</testng-results>
