<?xml version="1.0" encoding="UTF-8"?>
<testng-results skipped="0" failed="0" total="2" passed="2">
  <reporter-output>
  </reporter-output>
  <suite name="Command line suite" duration-ms="439" started-at="2017-01-20T00:35:08Z" finished-at="2017-01-20T00:35:09Z">
    <groups>
    </groups>
    <test name="Command line test" duration-ms="439" started-at="2017-01-20T00:35:08Z" finished-at="2017-01-20T00:35:09Z">
      <class name="crudTests.UserRepositoryCRUDTest">
        <test-method status="PASS" signature="testAdd()[pri:0, instance:crudTests.UserRepositoryCRUDTest@46d56d67]" name="testAdd" duration-ms="320" started-at="2017-01-20T01:35:08Z" finished-at="2017-01-20T01:35:09Z">
          <reporter-output>
          </reporter-output>
        </test-method> <!-- testAdd -->
      </class> <!-- crudTests.UserRepositoryCRUDTest -->
      <class name="mapperTests.UserMapperTest">
        <test-method status="PASS" signature="test()[pri:0, instance:mapperTests.UserMapperTest@39fb3ab6]" name="test" duration-ms="110" started-at="2017-01-20T01:35:08Z" finished-at="2017-01-20T01:35:08Z">
          <reporter-output>
          </reporter-output>
        </test-method> <!-- test -->
      </class> <!-- mapperTests.UserMapperTest -->
    </test> <!-- Command line test -->
  </suite> <!-- Command line suite -->
</testng-results>
