<?xml version="1.0" encoding="UTF-8"?>
<testng-results skipped="0" failed="0" ignored="0" total="1" passed="1">
  <reporter-output>
  </reporter-output>
  <suite name="Default suite" duration-ms="1120" started-at="2017-01-20T15:58:36Z" finished-at="2017-01-20T15:58:38Z">
    <groups>
    </groups>
    <test name="Default test" duration-ms="1120" started-at="2017-01-20T15:58:36Z" finished-at="2017-01-20T15:58:38Z">
      <class name="crudTests.UserRepositoryCRUDTest">
        <test-method status="PASS" signature="testAdd()[pri:0, instance:crudTests.UserRepositoryCRUDTest@56f4468b]" name="testAdd" duration-ms="1100" started-at="2017-01-20T16:58:36Z" finished-at="2017-01-20T16:58:38Z">
          <reporter-output>
          </reporter-output>
        </test-method> <!-- testAdd -->
      </class> <!-- crudTests.UserRepositoryCRUDTest -->
    </test> <!-- Default test -->
  </suite> <!-- Default suite -->
</testng-results>
